This is pdfTeX, Version 3.1415926-2.4-1.40.13 (TeX Live 2012) (format=pdflatex 2012.11.28)  15 MAR 2013 14:05
entering extended mode
 restricted \write18 enabled.
 %&-line parsing enabled.
**report
(./report.tex
LaTeX2e <2011/06/27>
Babel <v3.8m> and hyphenation patterns for english, dumylang, nohyphenation, ge
rman-x-2012-05-30, ngerman-x-2012-05-30, afrikaans, ancientgreek, ibycus, arabi
c, armenian, basque, bulgarian, catalan, pinyin, coptic, croatian, czech, danis
h, dutch, ukenglish, usenglishmax, esperanto, estonian, ethiopic, farsi, finnis
h, french, friulan, galician, german, ngerman, swissgerman, monogreek, greek, h
ungarian, icelandic, assamese, bengali, gujarati, hindi, kannada, malayalam, ma
rathi, oriya, panjabi, tamil, telugu, indonesian, interlingua, irish, italian, 
kurmanji, latin, latvian, lithuanian, mongolian, mongolianlmc, bokmal, nynorsk,
 polish, portuguese, romanian, romansh, russian, sanskrit, serbian, serbianc, s
lovak, slovenian, spanish, swedish, turkish, turkmen, ukrainian, uppersorbian, 
welsh, loaded.
(./sig-alt-release2.cls
(/usr/local/texlive/2012/texmf-dist/tex/latex/graphics/epsfig.sty
Package: epsfig 1999/02/16 v1.7a (e)psfig emulation (SPQR)

(/usr/local/texlive/2012/texmf-dist/tex/latex/graphics/graphicx.sty
Package: graphicx 1999/02/16 v1.0f Enhanced LaTeX Graphics (DPC,SPQR)

(/usr/local/texlive/2012/texmf-dist/tex/latex/graphics/keyval.sty
Package: keyval 1999/03/16 v1.13 key=value parser (DPC)
\KV@toks@=\toks14
)
(/usr/local/texlive/2012/texmf-dist/tex/latex/graphics/graphics.sty
Package: graphics 2009/02/05 v1.0o Standard LaTeX Graphics (DPC,SPQR)

(/usr/local/texlive/2012/texmf-dist/tex/latex/graphics/trig.sty
Package: trig 1999/03/16 v1.09 sin cos tan (DPC)
)
(/usr/local/texlive/2012/texmf-dist/tex/latex/latexconfig/graphics.cfg
File: graphics.cfg 2010/04/23 v1.9 graphics configuration of TeX Live
)
Package graphics Info: Driver file: pdftex.def on input line 91.

(/usr/local/texlive/2012/texmf-dist/tex/latex/pdftex-def/pdftex.def
File: pdftex.def 2011/05/27 v0.06d Graphics/color for pdfTeX

(/usr/local/texlive/2012/texmf-dist/tex/generic/oberdiek/infwarerr.sty
Package: infwarerr 2010/04/08 v1.3 Providing info/warning/error messages (HO)
)
(/usr/local/texlive/2012/texmf-dist/tex/generic/oberdiek/ltxcmds.sty
Package: ltxcmds 2011/11/09 v1.22 LaTeX kernel commands for general use (HO)
)
\Gread@gobject=\count79
))
\Gin@req@height=\dimen102
\Gin@req@width=\dimen103
)
\epsfxsize=\dimen104
\epsfysize=\dimen105
)
(/usr/local/texlive/2012/texmf-dist/tex/latex/amsfonts/amssymb.sty
Package: amssymb 2009/06/22 v3.00

(/usr/local/texlive/2012/texmf-dist/tex/latex/amsfonts/amsfonts.sty
Package: amsfonts 2009/06/22 v3.00 Basic AMSFonts support
\@emptytoks=\toks15
\symAMSa=\mathgroup4
\symAMSb=\mathgroup5
LaTeX Font Info:    Overwriting math alphabet `\mathfrak' in version `bold'
(Font)                  U/euf/m/n --> U/euf/b/n on input line 96.
))
(/usr/local/texlive/2012/texmf-dist/tex/latex/amsmath/amsmath.sty
Package: amsmath 2000/07/18 v2.13 AMS math features
\@mathmargin=\skip41

For additional information on amsmath, use the `?' option.
(/usr/local/texlive/2012/texmf-dist/tex/latex/amsmath/amstext.sty
Package: amstext 2000/06/29 v2.01

(/usr/local/texlive/2012/texmf-dist/tex/latex/amsmath/amsgen.sty
File: amsgen.sty 1999/11/30 v2.0
\@emptytoks=\toks16
\ex@=\dimen106
))
(/usr/local/texlive/2012/texmf-dist/tex/latex/amsmath/amsbsy.sty
Package: amsbsy 1999/11/29 v1.2d
\pmbraise@=\dimen107
)
(/usr/local/texlive/2012/texmf-dist/tex/latex/amsmath/amsopn.sty
Package: amsopn 1999/12/14 v2.01 operator names
)
\inf@bad=\count80
LaTeX Info: Redefining \frac on input line 211.
\uproot@=\count81
\leftroot@=\count82
LaTeX Info: Redefining \overline on input line 307.
\classnum@=\count83
\DOTSCASE@=\count84
LaTeX Info: Redefining \ldots on input line 379.
LaTeX Info: Redefining \dots on input line 382.
LaTeX Info: Redefining \cdots on input line 467.
\Mathstrutbox@=\box26
\strutbox@=\box27
\big@size=\dimen108
LaTeX Font Info:    Redeclaring font encoding OML on input line 567.
LaTeX Font Info:    Redeclaring font encoding OMS on input line 568.
\macc@depth=\count85
\c@MaxMatrixCols=\count86
\dotsspace@=\muskip10
\c@parentequation=\count87
\dspbrk@lvl=\count88
\tag@help=\toks17
\row@=\count89
\column@=\count90
\maxfields@=\count91
\andhelp@=\toks18
\eqnshift@=\dimen109
\alignsep@=\dimen110
\tagshift@=\dimen111
\tagwidth@=\dimen112
\totwidth@=\dimen113
\lineht@=\dimen114
\@envbody=\toks19
\multlinegap=\skip42
\multlinetaggap=\skip43
\mathdisplay@stack=\toks20
LaTeX Info: Redefining \[ on input line 2666.
LaTeX Info: Redefining \] on input line 2667.
)
Document Class 'sig-alt-release2' <22nd. April '09>. Modified by G.K.M. Tobin/G
erry Murray
Based in part upon document Style `acmconf' <22 May 89>. Hacked 4/91 by
shivers@cs.cmu.edu, 4/93 by theobald@cs.mcgill.ca
Excerpts were taken from (Journal Style) 'esub2acm.cls'.
****** Bugs/comments/suggestions/technicalities to Gerry Murray -- murray@hq.ac
m.org ******
Questions on the style, SIGS policies, etc. to Gerry Murray at ACM murray@acm.o
rg
\footheight=\dimen115
\@maxsep=\dimen116
\@dblmaxsep=\dimen117
\aucount=\count92
\originalaucount=\count93
\auwidth=\dimen118
\auskip=\dimen119
\auskipcount=\count94
\auskip=\dimen120
\allauboxes=\dimen121
\addauthors=\toks21
\addauflag=\count95
\subtitletext=\toks22
\savesection=\count96
\sectioncntr=\count97
\c@figure=\count98
\c@table=\count99
\titleboxnotes=\toks23
\titleboxnoteflag=\count100
Document Class: sig-alt-release2 2009/04/22 - V1.6 - based on acmproc.cls V1.3 
<Nov. 30 '99>
(/usr/local/texlive/2012/texmf-dist/tex/latex/base/latexsym.sty
Package: latexsym 1998/08/17 v2.2e Standard LaTeX package (lasy symbols)
\symlasy=\mathgroup6
LaTeX Font Info:    Overwriting symbol font `lasy' in version `bold'
(Font)                  U/lasy/m/n --> U/lasy/b/n on input line 47.
)
\@acmtitlebox=\box28
\titlenotecount=\count101
\tntoks=\toks24
\tntokstwo=\toks25
\tntoksthree=\toks26
\tntoksfour=\toks27
\tntoksfive=\toks28
\catcount=\count102
\copyrightnotice=\toks29
\conf=\toks30
\confinfo=\toks31
\c@part=\count103
\c@section=\count104
\c@subsection=\count105
\c@subsubsection=\count106
\c@paragraph=\count107

Using 'Abbrev' bibliography style
LaTeX Info: Redefining \cite on input line 1212.
\bibindent=\dimen122
\colcntr=\count108
\saveb@x=\box29
\copyrtyr=\toks32
\acmcopyr=\toks33
\boilerplate=\toks34
\copyrightetc=\toks35
(/usr/local/texlive/2012/texmf-dist/tex/latex/base/fontenc.sty
Package: fontenc 2005/09/27 v1.99g Standard LaTeX package

(/usr/local/texlive/2012/texmf-dist/tex/latex/base/t1enc.def
File: t1enc.def 2005/09/27 v1.99g Standard LaTeX file
LaTeX Font Info:    Redeclaring font encoding T1 on input line 43.
)
LaTeX Font Info:    Try loading font information for T1+aer on input line 100.

(/usr/local/texlive/2012/texmf-dist/tex/latex/ae/t1aer.fd
File: t1aer.fd 1997/11/16 Font definitions for T1/aer.
)))
(/usr/local/texlive/2012/texmf-dist/tex/latex/url/url.sty
\Urlmuskip=\muskip11
Package: url 2006/04/12  ver 3.3  Verb mode for urls, etc.
)
(/usr/local/texlive/2012/texmf-dist/tex/latex/graphics/color.sty
Package: color 2005/11/14 v1.0j Standard LaTeX Color (DPC)

(/usr/local/texlive/2012/texmf-dist/tex/latex/latexconfig/color.cfg
File: color.cfg 2007/01/18 v1.5 color configuration of teTeX/TeXLive
)
Package color Info: Driver file: pdftex.def on input line 130.
)
(/usr/local/texlive/2012/texmf-dist/tex/latex/oberdiek/epstopdf.sty
Package: epstopdf 2010/02/09 v2.5 Conversion with epstopdf on the fly (HO)

(/usr/local/texlive/2012/texmf-dist/tex/latex/oberdiek/epstopdf-base.sty
Package: epstopdf-base 2010/02/09 v2.5 Base part for package epstopdf

(/usr/local/texlive/2012/texmf-dist/tex/latex/oberdiek/grfext.sty
Package: grfext 2010/08/19 v1.1 Manage graphics extensions (HO)

(/usr/local/texlive/2012/texmf-dist/tex/generic/oberdiek/kvdefinekeys.sty
Package: kvdefinekeys 2011/04/07 v1.3 Define keys (HO)
))
(/usr/local/texlive/2012/texmf-dist/tex/latex/oberdiek/kvoptions.sty
Package: kvoptions 2011/06/30 v3.11 Key value format for package options (HO)

(/usr/local/texlive/2012/texmf-dist/tex/generic/oberdiek/kvsetkeys.sty
Package: kvsetkeys 2012/04/25 v1.16 Key value parser (HO)

(/usr/local/texlive/2012/texmf-dist/tex/generic/oberdiek/etexcmds.sty
Package: etexcmds 2011/02/16 v1.5 Avoid name clashes with e-TeX commands (HO)

(/usr/local/texlive/2012/texmf-dist/tex/generic/oberdiek/ifluatex.sty
Package: ifluatex 2010/03/01 v1.3 Provides the ifluatex switch (HO)
Package ifluatex Info: LuaTeX not detected.
)
Package etexcmds Info: Could not find \expanded.
(etexcmds)             That can mean that you are not using pdfTeX 1.50 or
(etexcmds)             that some package has redefined \expanded.
(etexcmds)             In the latter case, load this package earlier.
)))
(/usr/local/texlive/2012/texmf-dist/tex/generic/oberdiek/pdftexcmds.sty
Package: pdftexcmds 2011/11/29 v0.20 Utility functions of pdfTeX for LuaTeX (HO
)

(/usr/local/texlive/2012/texmf-dist/tex/generic/oberdiek/ifpdf.sty
Package: ifpdf 2011/01/30 v2.3 Provides the ifpdf switch (HO)
Package ifpdf Info: pdfTeX in PDF mode is detected.
)
Package pdftexcmds Info: LuaTeX not detected.
Package pdftexcmds Info: \pdf@primitive is available.
Package pdftexcmds Info: \pdf@ifprimitive is available.
Package pdftexcmds Info: \pdfdraftmode found.
)
Package grfext Info: Graphics extension search list:
(grfext)             [.png,.pdf,.jpg,.mps,.jpeg,.jbig2,.jb2,.PNG,.PDF,.JPG,.JPE
G,.JBIG2,.JB2,.eps]
(grfext)             \AppendGraphicsExtensions on input line 452.

(/usr/local/texlive/2012/texmf-dist/tex/latex/latexconfig/epstopdf-sys.cfg
File: epstopdf-sys.cfg 2010/07/13 v1.3 Configuration of (r)epstopdf for TeX Liv
e
)))
(/usr/local/texlive/2012/texmf-dist/tex/latex/colortbl/colortbl.sty
Package: colortbl 2012/02/13 v1.0a Color table columns (DPC)

(/usr/local/texlive/2012/texmf-dist/tex/latex/tools/array.sty
Package: array 2008/09/09 v2.4c Tabular extension package (FMi)
\col@sep=\dimen123
\extrarowheight=\dimen124
\NC@list=\toks36
\extratabsurround=\skip44
\backup@length=\skip45
)
\everycr=\toks37
\minrowclearance=\skip46
)
(/usr/local/texlive/2012/texmf-dist/tex/latex/multirow/multirow.sty
\bigstrutjot=\dimen125
)
(/usr/local/texlive/2012/texmf-dist/tex/latex/booktabs/booktabs.sty
Package: booktabs 2005/04/14 v1.61803 publication quality tables
\heavyrulewidth=\dimen126
\lightrulewidth=\dimen127
\cmidrulewidth=\dimen128
\belowrulesep=\dimen129
\belowbottomsep=\dimen130
\aboverulesep=\dimen131
\abovetopsep=\dimen132
\cmidrulesep=\dimen133
\cmidrulekern=\dimen134
\defaultaddspace=\dimen135
\@cmidla=\count109
\@cmidlb=\count110
\@aboverulesep=\dimen136
\@belowrulesep=\dimen137
\@thisruleclass=\count111
\@lastruleclass=\count112
\@thisrulewidth=\dimen138
)
(/usr/local/texlive/2012/texmf-dist/tex/latex/base/ifthen.sty
Package: ifthen 2001/05/26 v1.1c Standard LaTeX ifthen package (DPC)
)
(/usr/local/texlive/2012/texmf-dist/tex/latex/xcolor/xcolor.sty
Package: xcolor 2007/01/21 v2.11 LaTeX color extensions (UK)

(/usr/local/texlive/2012/texmf-dist/tex/latex/latexconfig/color.cfg
File: color.cfg 2007/01/18 v1.5 color configuration of teTeX/TeXLive
)
Package xcolor Info: Driver file: pdftex.def on input line 225.
LaTeX Info: Redefining \color on input line 702.
\rownum=\count113
Package xcolor Info: Model `cmy' substituted by `cmy0' on input line 1337.
Package xcolor Info: Model `hsb' substituted by `rgb' on input line 1341.
Package xcolor Info: Model `RGB' extended on input line 1353.
Package xcolor Info: Model `HTML' substituted by `rgb' on input line 1355.
Package xcolor Info: Model `Hsb' substituted by `hsb' on input line 1356.
Package xcolor Info: Model `tHsb' substituted by `hsb' on input line 1357.
Package xcolor Info: Model `HSB' substituted by `hsb' on input line 1358.
Package xcolor Info: Model `Gray' substituted by `gray' on input line 1359.
Package xcolor Info: Model `wave' substituted by `hsb' on input line 1360.
)
(/usr/local/texlive/2012/texmf-dist/tex/latex/listings/listings.sty
\lst@mode=\count114
\lst@gtempboxa=\box30
\lst@token=\toks38
\lst@length=\count115
\lst@currlwidth=\dimen139
\lst@column=\count116
\lst@pos=\count117
\lst@lostspace=\dimen140
\lst@width=\dimen141
\lst@newlines=\count118
\lst@lineno=\count119
\abovecaptionskip=\skip47
\belowcaptionskip=\skip48
\lst@maxwidth=\dimen142

(/usr/local/texlive/2012/texmf-dist/tex/latex/listings/lstmisc.sty
File: lstmisc.sty 2007/02/22 1.4 (Carsten Heinz)
\c@lstnumber=\count120
\lst@skipnumbers=\count121
\lst@framebox=\box31
)
(/usr/local/texlive/2012/texmf-dist/tex/latex/listings/listings.cfg
File: listings.cfg 2007/02/22 1.4 listings configuration
))
Package: listings 2007/02/22 1.4 (Carsten Heinz)

(/usr/local/texlive/2012/texmf-dist/tex/latex/tools/multicol.sty
Package: multicol 2011/06/27 v1.7a multicolumn formatting (FMi)
\c@tracingmulticols=\count122
\mult@box=\box32
\multicol@leftmargin=\dimen143
\c@unbalance=\count123
\c@collectmore=\count124
\doublecol@number=\count125
\multicoltolerance=\count126
\multicolpretolerance=\count127
\full@width=\dimen144
\page@free=\dimen145
\premulticols=\dimen146
\postmulticols=\dimen147
\multicolsep=\skip49
\multicolbaselineskip=\skip50
\partial@page=\box33
\last@line=\box34
\mult@rightbox=\box35
\mult@grightbox=\box36
\mult@gfirstbox=\box37
\mult@firstbox=\box38
\@tempa=\box39
\@tempa=\box40
\@tempa=\box41
\@tempa=\box42
\@tempa=\box43
\@tempa=\box44
\@tempa=\box45
\@tempa=\box46
\@tempa=\box47
\@tempa=\box48
\@tempa=\box49
\@tempa=\box50
\@tempa=\box51
\@tempa=\box52
\@tempa=\box53
\@tempa=\box54
\@tempa=\box55
\c@columnbadness=\count128
\c@finalcolumnbadness=\count129
\last@try=\dimen148
\multicolovershoot=\dimen149
\multicolundershoot=\dimen150
\mult@nat@firstbox=\box56
\colbreak@box=\box57
\multicol@sort@counter=\count130
)
(/usr/local/texlive/2012/texmf-dist/tex/latex/cite/cite.sty
LaTeX Info: Redefining \cite on input line 302.
LaTeX Info: Redefining \nocite on input line 373.
Package: cite 2010/09/10  v 5.3
)
(/usr/local/texlive/2012/texmf-dist/tex/latex/natbib/natbib.sty
Package: natbib 2010/09/13 8.31b (PWD, AO)


Package natbib Warning: The `cite' package should not be used
(natbib)                with natbib. Use option `sort' instead.

\bibhang=\skip51
\bibsep=\skip52
LaTeX Info: Redefining \cite on input line 694.
LaTeX Info: Redefining \citenum on input line 708.
LaTeX Info: Redefining \citeyear on input line 735.
\c@NAT@ctr=\count131
) (./report.aux)
\openout1 = `report.aux'.

LaTeX Font Info:    Checking defaults for OML/cmm/m/it on input line 20.
LaTeX Font Info:    ... okay on input line 20.
LaTeX Font Info:    Checking defaults for T1/cmr/m/n on input line 20.
LaTeX Font Info:    ... okay on input line 20.
LaTeX Font Info:    Checking defaults for OT1/cmr/m/n on input line 20.
LaTeX Font Info:    ... okay on input line 20.
LaTeX Font Info:    Checking defaults for OMS/cmsy/m/n on input line 20.
LaTeX Font Info:    ... okay on input line 20.
LaTeX Font Info:    Checking defaults for OMX/cmex/m/n on input line 20.
LaTeX Font Info:    ... okay on input line 20.
LaTeX Font Info:    Checking defaults for U/cmr/m/n on input line 20.
LaTeX Font Info:    ... okay on input line 20.

(/usr/local/texlive/2012/texmf-dist/tex/context/base/supp-pdf.mkii
[Loading MPS to PDF converter (version 2006.09.02).]
\scratchcounter=\count132
\scratchdimen=\dimen151
\scratchbox=\box58
\nofMPsegments=\count133
\nofMParguments=\count134
\everyMPshowfont=\toks39
\MPscratchCnt=\count135
\MPscratchDim=\dimen152
\MPnumerator=\count136
\makeMPintoPDFobject=\count137
\everyMPtoPDFconversion=\toks40
)
\c@lstlisting=\count138
LaTeX Font Info:    Try loading font information for U+msa on input line 42.
 (/usr/local/texlive/2012/texmf-dist/tex/latex/amsfonts/umsa.fd
File: umsa.fd 2009/06/22 v3.00 AMS symbols A
)
LaTeX Font Info:    Try loading font information for U+msb on input line 42.

(/usr/local/texlive/2012/texmf-dist/tex/latex/amsfonts/umsb.fd
File: umsb.fd 2009/06/22 v3.00 AMS symbols B
)
LaTeX Font Info:    Try loading font information for U+lasy on input line 42.

(/usr/local/texlive/2012/texmf-dist/tex/latex/base/ulasy.fd
File: ulasy.fd 1998/08/17 v2.2e LaTeX symbol font definitions
)
Underfull \hbox (badness 10000) in paragraph at lines 77--77
[]|\T1/aer/m/n/9 Create a new task,
 []


Underfull \hbox (badness 10000) in paragraph at lines 77--77
\T1/aer/m/n/9 by spec-i-fy-ing name,
 []


Underfull \hbox (badness 5726) in paragraph at lines 81--81
[]|\T1/aer/m/n/9 See a user's re-cently
 []


Underfull \hbox (badness 10000) in paragraph at lines 85--85
[]|\T1/aer/m/n/9 Forgotten pass-word
 []


Underfull \vbox (badness 10000) has occurred while \output is active []


Overfull \hbox (12.2122pt too wide) in paragraph at lines 93--94
[]\T1/aer/m/n/9 The ap-pli-ca-tion must work on the most com-mon browsers:
 []

[1{/usr/local/texlive/2012/texmf-var/fonts/map/pdftex/updmap/pdftex.map}


]
<Flat.png, id=14, 842.14626pt x 611.28375pt>
File: Flat.png Graphic file (type png)
 <use Flat.png>
Package pdftex.def Info: Flat.png used on input line 151.
(pdftex.def)             Requested size: 185.27275pt x 134.48283pt.

<createItem.png, id=16, 842.14626pt x 611.28375pt>
File: createItem.png Graphic file (type png)
 <use createItem.png>
Package pdftex.def Info: createItem.png used on input line 164.
(pdftex.def)             Requested size: 210.53604pt x 152.82056pt.

[2 <./Flat.png> <./createItem.png (PNG copy)>]
<flats.png, id=21, 848.16875pt x 567.11874pt>
File: flats.png Graphic file (type png)
 <use flats.png>
Package pdftex.def Info: flats.png used on input line 181.
(pdftex.def)             Requested size: 212.04166pt x 141.77933pt.

Underfull \hbox (badness 10000) in paragraph at lines 205--206

 []


Underfull \hbox (badness 10000) in paragraph at lines 220--221

 []


Underfull \hbox (badness 10000) in paragraph at lines 238--239

 []

[3 <./flats.png>] <3tier.png, id=26, 724.7075pt x 545.03625pt>
File: 3tier.png Graphic file (type png)
 <use 3tier.png>
Package pdftex.def Info: 3tier.png used on input line 271.
(pdftex.def)             Requested size: 217.41393pt x 163.51213pt.

<er.png, id=27, 835.12pt x 592.2125pt>
File: er.png Graphic file (type png)
 <use er.png>
Package pdftex.def Info: er.png used on input line 286.
(pdftex.def)             Requested size: 250.53793pt x 177.66512pt.

Overfull \hbox (10.53793pt too wide) in paragraph at lines 286--287
 [][] 
 []


Overfull \hbox (8.23254pt too wide) in paragraph at lines 322--324
[]\T1/aer/m/n/9 HTTP (Hy-per-text Trans-fer Pro-to-col) is the stan-dard World-

 []

<sequencediagrams.png, id=28, 459.21562pt x 539.76656pt>
File: sequencediagrams.png Graphic file (type png)

<use sequencediagrams.png>
Package pdftex.def Info: sequencediagrams.png used on input line 327.
(pdftex.def)             Requested size: 252.56937pt x 296.87253pt.

Overfull \hbox (12.56937pt too wide) in paragraph at lines 327--328
 [][] 
 []

LaTeX Font Info:    Try loading font information for T1+aett on input line 337.

(/usr/local/texlive/2012/texmf-dist/tex/latex/ae/t1aett.fd
File: t1aett.fd 1997/11/16 Font definitions for T1/aett.
) [4 <./3tier.png> <./er.png>] (/usr/local/texlive/2012/texmf-dist/tex/latex/li
stings/lstlang1.sty
File: lstlang1.sty 2004/09/05 1.3 listings language file
)
(/usr/local/texlive/2012/texmf-dist/tex/latex/listings/lstmisc.sty
File: lstmisc.sty 2007/02/22 1.4 (Carsten Heinz)
)
Overfull \hbox (3.96495pt too wide) in paragraph at lines 416--416
[]|\T1/aer/bx/n/9 Technology| 
 []


Underfull \hbox (badness 10000) in paragraph at lines 418--418
[]|\T1/aer/m/n/9 Programming
 []


Underfull \hbox (badness 10000) in paragraph at lines 419--419
[]|\T1/aer/m/n/9 Web Frame-
 []


Underfull \hbox (badness 1057) in paragraph at lines 420--420
[]|\T1/aer/m/n/9 Markup Lan-
 []


Underfull \hbox (badness 3635) in paragraph at lines 421--421
\T1/aer/m/n/9 tion se-man-tics of the
 []


Underfull \hbox (badness 10000) in paragraph at lines 421--421
[]|\T1/aer/m/n/9 Style Sheet
 []


Underfull \hbox (badness 10000) in paragraph at lines 422--422
[]|\T1/aer/m/n/9 Interpreted pro-gram-
 []


Underfull \hbox (badness 1331) in paragraph at lines 422--422
\T1/aer/m/n/9 ming lan-guage. Used
 []


Underfull \hbox (badness 10000) in paragraph at lines 422--422
\T1/aer/m/n/9 as a dy-namic script
 []


Underfull \hbox (badness 10000) in paragraph at lines 422--422
[]|\T1/aer/m/n/9 Programming
 []


Underfull \hbox (badness 10000) in paragraph at lines 424--425
[]|\T1/aer/m/n/9 CSS,
 []


Underfull \hbox (badness 10000) in paragraph at lines 424--425
\T1/aer/m/n/9 JavaScript
 []

[5 <./sequencediagrams.png>] [6] (./report.bbl
Underfull \hbox (badness 10000) in paragraph at lines 19--20
[]$\T1/aett/m/n/9 https : / / docs . djangoproject . com / en / dev / faq /
 []


Underfull \hbox (badness 10000) in paragraph at lines 34--35
[]$\T1/aett/m/n/9 http : / / www . oracle . com / technetwork / java / javaee /

 []


Underfull \hbox (badness 10000) in paragraph at lines 43--44
[]$\T1/aett/m/n/9 http : / / www . microsoft . com / web / platform /
 []


Underfull \hbox (badness 10000) in paragraph at lines 49--50
[]$\T1/aett/m/n/9 http : / / osdcpapers . cgpublisher . com / product /
 []


Underfull \hbox (badness 10000) in paragraph at lines 49--50
\T1/aett/m/n/9 pub . 84 / prod . 29 / m . 1 / fid % 3D174194 / Askins ,[]
 []


Underfull \hbox (badness 10000) in paragraph at lines 52--53
[]$\T1/aett/m/n/9 http : / / docforge . com / wiki / Web _ application _
 []

)
Overfull \hbox (4.93063pt too wide) in paragraph at lines 608--609
[]\T1/aer/m/n/9 Initialize the database by run-ning the com-mand "python
 []

[7]
Overfull \hbox (1.18689pt too wide) in paragraph at lines 610--611
[]\T1/aer/m/n/9 Start the server by run-ning the com-mand "python man-
 []

<flats_shot.png, id=46, 1284.8pt x 803.0pt>
File: flats_shot.png Graphic file (type png)
 <use flats_shot.png>
Package pdftex.def Info: flats_shot.png used on input line 626.
(pdftex.def)             Requested size: 256.95544pt x 160.59715pt.

Overfull \hbox (16.95544pt too wide) in paragraph at lines 626--627
 [][] 
 []

<tasks.png, id=47, 1284.8pt x 803.0pt>
File: tasks.png Graphic file (type png)
 <use tasks.png>
Package pdftex.def Info: tasks.png used on input line 633.
(pdftex.def)             Requested size: 256.95544pt x 160.59715pt.

Overfull \hbox (16.95544pt too wide) in paragraph at lines 633--634
 [][] 
 []

<profilewithtasks.png, id=48, 1284.8pt x 803.0pt>
File: profilewithtasks.png Graphic file (type png)
 <use profilewithtasks.png>
Package pdftex.def Info: profilewithtasks.png used on input line 640.
(pdftex.def)             Requested size: 256.95544pt x 160.59715pt.

Overfull \hbox (16.95544pt too wide) in paragraph at lines 640--641
 [][] 
 []

<profile.png, id=49, 1284.8pt x 803.0pt>
File: profile.png Graphic file (type png)
 <use profile.png>
Package pdftex.def Info: profile.png used on input line 647.
(pdftex.def)             Requested size: 256.95544pt x 160.59715pt.

Overfull \hbox (16.95544pt too wide) in paragraph at lines 647--648
 [][] 
 []

[8 <./flats_shot.png> <./tasks.png> <./profilewithtasks.png> <./profile.png>]
(./report.aux) ) 
Here is how much of TeX's memory you used:
 5612 strings out of 493488
 73528 string characters out of 3141325
 206599 words of memory out of 3000000
 8775 multiletter control sequences out of 15000+200000
 48670 words of font info for 66 fonts, out of 3000000 for 9000
 957 hyphenation exceptions out of 8191
 42i,12n,51p,769b,1585s stack positions out of 5000i,500n,10000p,200000b,50000s
{/usr/local/texlive/2012/texmf-dist/fonts/enc/dvips/base/8r.enc
}</usr/local/texlive/2012/texmf-dist/fonts/type1/public/amsfonts/cm/cmbx9.pfb><
/usr/local/texlive/2012/texmf-dist/fonts/type1/public/amsfonts/cm/cmmi9.pfb></u
sr/local/texlive/2012/texmf-dist/fonts/type1/public/amsfonts/cm/cmr9.pfb></usr/
local/texlive/2012/texmf-dist/fonts/type1/public/amsfonts/cm/cmsy9.pfb></usr/lo
cal/texlive/2012/texmf-dist/fonts/type1/public/amsfonts/cm/cmtt9.pfb></usr/loca
l/texlive/2012/texmf-dist/fonts/type1/urw/helvetic/uhvb8a.pfb></usr/local/texli
ve/2012/texmf-dist/fonts/type1/urw/helvetic/uhvr8a.pfb></usr/local/texlive/2012
/texmf-dist/fonts/type1/urw/times/utmb8a.pfb></usr/local/texlive/2012/texmf-dis
t/fonts/type1/urw/times/utmr8a.pfb></usr/local/texlive/2012/texmf-dist/fonts/ty
pe1/urw/times/utmri8a.pfb>
Output written on report.pdf (8 pages, 1081513 bytes).
PDF statistics:
 87 PDF objects out of 1000 (max. 8388607)
 52 compressed objects within 1 object stream
 0 named destinations out of 1000 (max. 500000)
 51 words of extra memory for PDF output out of 10000 (max. 10000000)

